
Showing logs for build [32mcb-kubecd-bdd-spring-1588106440-wgw89-1[0m stage [32mfrom-build-pack[0m and container [32mstep-credential-initializer-z88vf[0m
{"level":"info","ts":1588107508.6416435,"logger":"fallback-logger","caller":"logging/config.go:69","msg":"Fetch GitHub commit ID from kodata failed: open /var/run/ko/refs/heads/0.8.0-ns-support: no such file or directory"}
{"level":"info","ts":1588107508.6419282,"logger":"fallback-logger","caller":"creds-init/main.go:40","msg":"Credentials initialized."}

Showing logs for build [32mcb-kubecd-bdd-spring-1588106440-wgw89-1[0m stage [32mfrom-build-pack[0m and container [32mstep-working-dir-initializer-vkp9w[0m
{"level":"info","ts":1588107509.6622705,"logger":"fallback-logger","caller":"logging/config.go:69","msg":"Fetch GitHub commit ID from kodata failed: open /var/run/ko/HEAD: no such file or directory"}
{"level":"info","ts":1588107509.663809,"logger":"fallback-logger","caller":"bash/main.go:64","msg":"Successfully executed command \"sh -c mkdir -p /workspace/source\"; output "}

Showing logs for build [32mcb-kubecd-bdd-spring-1588106440-wgw89-1[0m stage [32mfrom-build-pack[0m and container [32mstep-place-tools[0m

Showing logs for build [32mcb-kubecd-bdd-spring-1588106440-wgw89-1[0m stage [32mfrom-build-pack[0m and container [32mstep-git-source-cb-kubecd-bdd-spring-1588106440-wgw89-vd2wr[0m
{"level":"info","ts":1588107514.752627,"logger":"fallback-logger","caller":"logging/config.go:69","msg":"Fetch GitHub commit ID from kodata failed: open /var/run/ko/refs/heads/0.8.0-ns-support: no such file or directory"}
{"level":"info","ts":1588107514.9746737,"logger":"fallback-logger","caller":"git/git.go:103","msg":"Successfully cloned https://github.com/cb-kubecd/bdd-spring-1588106440.git @ master in path /workspace/source"}

Showing logs for build [32mcb-kubecd-bdd-spring-1588106440-wgw89-1[0m stage [32mfrom-build-pack[0m and container [32mstep-git-merge[0m
Using SHAs from PULL_REFS=master:d8683b00c73b85b86cd1b060b0b768f63f94ed7a,1:910130b3ca1b4d62fa3a4c15d9831b8f035b32d8
DEBUG: LC_ALL=C JX_LOG_LEVEL=error git fetch origin --unshallow 910130b3ca1b4d62fa3a4c15d9831b8f035b32d8: d8683b00c73b85b86cd1b060b0b768f63f94ed7a:
DEBUG: ran git fetch --unshallow origin 910130b3ca1b4d62fa3a4c15d9831b8f035b32d8: d8683b00c73b85b86cd1b060b0b768f63f94ed7a: in 
DEBUG: LC_ALL=C JX_LOG_LEVEL=error git branch
DEBUG: LC_ALL=C JX_LOG_LEVEL=error git checkout master
DEBUG: ran git checkout master in 
DEBUG: LC_ALL=C JX_LOG_LEVEL=error git reset --hard d8683b00c73b85b86cd1b060b0b768f63f94ed7a
DEBUG: ran git reset --hard d8683b00c73b85b86cd1b060b0b768f63f94ed7a in 
DEBUG: LC_ALL=C JX_LOG_LEVEL=error git clean -fd .
DEBUG: ran clean --force -d . in 
DEBUG: LC_ALL=C JX_LOG_LEVEL=error git merge 910130b3ca1b4d62fa3a4c15d9831b8f035b32d8
DEBUG: ran git merge 910130b3ca1b4d62fa3a4c15d9831b8f035b32d8 in 
DEBUG: LC_ALL=C JX_LOG_LEVEL=error git log --format=%H%x1f%an%x1f%ae%x1f%cn%x1f%ce%x1f%s%n%b%x1e d8683b00c73b85b86cd1b060b0b768f63f94ed7a..HEAD
Merged SHA 910130b3ca1b4d62fa3a4c15d9831b8f035b32d8 with commit message 'My first PR commit' into base branch master

Showing logs for build [32mcb-kubecd-bdd-spring-1588106440-wgw89-1[0m stage [32mfrom-build-pack[0m and container [32mstep-build-set-version[0m
Picked up _JAVA_OPTIONS: -XX:+UnlockExperimentalVMOptions -XX:+UseCGroupMemoryLimitForHeap -Dsun.zip.disableMemoryMapping=true -XX:+UseParallelGC -XX:MinHeapFreeRatio=5 -XX:MaxHeapFreeRatio=10 -XX:GCTimeRatio=4 -XX:AdaptiveSizePolicyWeight=90 -Xms10m -Xmx192m
OpenJDK 64-Bit Server VM warning: If the number of processors is expected to increase from one, then you should configure the number of parallel GC threads appropriately using -XX:ParallelGCThreads=N
[INFO] Scanning for projects...
[INFO] 
[INFO] -----------------< com.example:bdd-spring-1588106440 >------------------
[INFO] Building demo 0.0.1-SNAPSHOT
[INFO] --------------------------------[ jar ]---------------------------------
[INFO] 
[INFO] --- versions-maven-plugin:2.7:set (default-cli) @ bdd-spring-1588106440 ---
[INFO] Searching for local aggregator root...
[INFO] Local aggregation root: /workspace/source
[INFO] Processing change of com.example:bdd-spring-1588106440:0.0.1-SNAPSHOT -> 0.0.0-SNAPSHOT-PR-1-1
[INFO] Processing com.example:bdd-spring-1588106440
[INFO]     Updating project com.example:bdd-spring-1588106440
[INFO]         from version 0.0.1-SNAPSHOT to 0.0.0-SNAPSHOT-PR-1-1
[INFO] 
[INFO] ------------------------------------------------------------------------
[INFO] BUILD SUCCESS
[INFO] ------------------------------------------------------------------------
[INFO] Total time:  8.881 s
[INFO] Finished at: 2020-04-28T20:58:47Z
[INFO] ------------------------------------------------------------------------

Showing logs for build [32mcb-kubecd-bdd-spring-1588106440-wgw89-1[0m stage [32mfrom-build-pack[0m and container [32mstep-build-mvn-install[0m
Picked up _JAVA_OPTIONS: -XX:+UnlockExperimentalVMOptions -XX:+UseCGroupMemoryLimitForHeap -Dsun.zip.disableMemoryMapping=true -XX:+UseParallelGC -XX:MinHeapFreeRatio=5 -XX:MaxHeapFreeRatio=10 -XX:GCTimeRatio=4 -XX:AdaptiveSizePolicyWeight=90 -Xms10m -Xmx192m
OpenJDK 64-Bit Server VM warning: If the number of processors is expected to increase from one, then you should configure the number of parallel GC threads appropriately using -XX:ParallelGCThreads=N
[INFO] Scanning for projects...
[INFO] 
[INFO] -----------------< com.example:bdd-spring-1588106440 >------------------
[INFO] Building demo 0.0.0-SNAPSHOT-PR-1-1
[INFO] --------------------------------[ jar ]---------------------------------
[INFO] 
[INFO] --- maven-resources-plugin:3.1.0:resources (default-resources) @ bdd-spring-1588106440 ---
[INFO] Using 'UTF-8' encoding to copy filtered resources.
[INFO] Copying 1 resource
[INFO] Copying 0 resource
[INFO] 
[INFO] --- maven-compiler-plugin:3.8.1:compile (default-compile) @ bdd-spring-1588106440 ---
[INFO] Changes detected - recompiling the module!
[INFO] Compiling 1 source file to /workspace/source/target/classes
[INFO] 
[INFO] --- maven-resources-plugin:3.1.0:testResources (default-testResources) @ bdd-spring-1588106440 ---
[INFO] Using 'UTF-8' encoding to copy filtered resources.
[INFO] skip non existing resourceDirectory /workspace/source/src/test/resources
[INFO] 
[INFO] --- maven-compiler-plugin:3.8.1:testCompile (default-testCompile) @ bdd-spring-1588106440 ---
[INFO] Changes detected - recompiling the module!
[INFO] Compiling 1 source file to /workspace/source/target/test-classes
[INFO] 
[INFO] --- maven-surefire-plugin:3.0.0-M1:test (default-test) @ bdd-spring-1588106440 ---
[INFO] 
[INFO] -------------------------------------------------------
[INFO]  T E S T S
[INFO] -------------------------------------------------------
[INFO] Running com.example.bddspring1588106440.DemoApplicationTests
20:59:02.146 [main] DEBUG org.springframework.test.context.BootstrapUtils - Instantiating CacheAwareContextLoaderDelegate from class [org.springframework.test.context.cache.DefaultCacheAwareContextLoaderDelegate]
20:59:02.225 [main] DEBUG org.springframework.test.context.BootstrapUtils - Instantiating BootstrapContext using constructor [public org.springframework.test.context.support.DefaultBootstrapContext(java.lang.Class,org.springframework.test.context.CacheAwareContextLoaderDelegate)]
20:59:02.322 [main] DEBUG org.springframework.test.context.BootstrapUtils - Instantiating TestContextBootstrapper for test class [com.example.bddspring1588106440.DemoApplicationTests] from class [org.springframework.boot.test.context.SpringBootTestContextBootstrapper]
20:59:02.339 [main] INFO org.springframework.boot.test.context.SpringBootTestContextBootstrapper - Neither @ContextConfiguration nor @ContextHierarchy found for test class [com.example.bddspring1588106440.DemoApplicationTests], using SpringBootContextLoader
20:59:02.342 [main] DEBUG org.springframework.test.context.support.AbstractContextLoader - Did not detect default resource location for test class [com.example.bddspring1588106440.DemoApplicationTests]: class path resource [com/example/bddspring1588106440/DemoApplicationTests-context.xml] does not exist
20:59:02.342 [main] DEBUG org.springframework.test.context.support.AbstractContextLoader - Did not detect default resource location for test class [com.example.bddspring1588106440.DemoApplicationTests]: class path resource [com/example/bddspring1588106440/DemoApplicationTestsContext.groovy] does not exist
20:59:02.343 [main] INFO org.springframework.test.context.support.AbstractContextLoader - Could not detect default resource locations for test class [com.example.bddspring1588106440.DemoApplicationTests]: no resource found for suffixes {-context.xml, Context.groovy}.
20:59:02.343 [main] INFO org.springframework.test.context.support.AnnotationConfigContextLoaderUtils - Could not detect default configuration classes for test class [com.example.bddspring1588106440.DemoApplicationTests]: DemoApplicationTests does not declare any static, non-private, non-final, nested classes annotated with @Configuration.
20:59:02.437 [main] DEBUG org.springframework.test.context.support.ActiveProfilesUtils - Could not find an 'annotation declaring class' for annotation type [org.springframework.test.context.ActiveProfiles] and class [com.example.bddspring1588106440.DemoApplicationTests]
20:59:02.542 [main] DEBUG org.springframework.context.annotation.ClassPathScanningCandidateComponentProvider - Identified candidate component class: file [/workspace/source/target/classes/com/example/bddspring1588106440/DemoApplication.class]
20:59:02.543 [main] INFO org.springframework.boot.test.context.SpringBootTestContextBootstrapper - Found @SpringBootConfiguration com.example.bddspring1588106440.DemoApplication for test class com.example.bddspring1588106440.DemoApplicationTests
20:59:02.748 [main] DEBUG org.springframework.boot.test.context.SpringBootTestContextBootstrapper - @TestExecutionListeners is not present for class [com.example.bddspring1588106440.DemoApplicationTests]: using defaults.
20:59:02.748 [main] INFO org.springframework.boot.test.context.SpringBootTestContextBootstrapper - Loaded default TestExecutionListener class names from location [META-INF/spring.factories]: [org.springframework.boot.test.mock.mockito.MockitoTestExecutionListener, org.springframework.boot.test.mock.mockito.ResetMocksTestExecutionListener, org.springframework.boot.test.autoconfigure.restdocs.RestDocsTestExecutionListener, org.springframework.boot.test.autoconfigure.web.client.MockRestServiceServerResetTestExecutionListener, org.springframework.boot.test.autoconfigure.web.servlet.MockMvcPrintOnlyOnFailureTestExecutionListener, org.springframework.boot.test.autoconfigure.web.servlet.WebDriverTestExecutionListener, org.springframework.test.context.web.ServletTestExecutionListener, org.springframework.test.context.support.DirtiesContextBeforeModesTestExecutionListener, org.springframework.test.context.support.DependencyInjectionTestExecutionListener, org.springframework.test.context.support.DirtiesContextTestExecutionListener, org.springframework.test.context.transaction.TransactionalTestExecutionListener, org.springframework.test.context.jdbc.SqlScriptsTestExecutionListener, org.springframework.test.context.event.EventPublishingTestExecutionListener]
20:59:02.760 [main] DEBUG org.springframework.boot.test.context.SpringBootTestContextBootstrapper - Skipping candidate TestExecutionListener [org.springframework.test.context.transaction.TransactionalTestExecutionListener] due to a missing dependency. Specify custom listener classes or make the default listener classes and their required dependencies available. Offending class: [org/springframework/transaction/TransactionDefinition]
20:59:02.760 [main] DEBUG org.springframework.boot.test.context.SpringBootTestContextBootstrapper - Skipping candidate TestExecutionListener [org.springframework.test.context.jdbc.SqlScriptsTestExecutionListener] due to a missing dependency. Specify custom listener classes or make the default listener classes and their required dependencies available. Offending class: [org/springframework/transaction/interceptor/TransactionAttribute]
20:59:02.760 [main] INFO org.springframework.boot.test.context.SpringBootTestContextBootstrapper - Using TestExecutionListeners: [org.springframework.test.context.web.ServletTestExecutionListener@35aea049, org.springframework.test.context.support.DirtiesContextBeforeModesTestExecutionListener@7205765b, org.springframework.boot.test.mock.mockito.MockitoTestExecutionListener@47987356, org.springframework.boot.test.autoconfigure.SpringBootDependencyInjectionTestExecutionListener@22ef9844, org.springframework.test.context.support.DirtiesContextTestExecutionListener@6283d8b8, org.springframework.test.context.event.EventPublishingTestExecutionListener@3b6ddd1d, org.springframework.boot.test.mock.mockito.ResetMocksTestExecutionListener@3f6b0be5, org.springframework.boot.test.autoconfigure.restdocs.RestDocsTestExecutionListener@611889f4, org.springframework.boot.test.autoconfigure.web.client.MockRestServiceServerResetTestExecutionListener@1da2cb77, org.springframework.boot.test.autoconfigure.web.servlet.MockMvcPrintOnlyOnFailureTestExecutionListener@48f278eb, org.springframework.boot.test.autoconfigure.web.servlet.WebDriverTestExecutionListener@2f217633]
20:59:02.763 [main] DEBUG org.springframework.test.context.support.AbstractDirtiesContextTestExecutionListener - Before test class: context [DefaultTestContext@25fb8912 testClass = DemoApplicationTests, testInstance = [null], testMethod = [null], testException = [null], mergedContextConfiguration = [WebMergedContextConfiguration@7c24b813 testClass = DemoApplicationTests, locations = '{}', classes = '{class com.example.bddspring1588106440.DemoApplication}', contextInitializerClasses = '[]', activeProfiles = '{}', propertySourceLocations = '{}', propertySourceProperties = '{org.springframework.boot.test.context.SpringBootTestContextBootstrapper=true}', contextCustomizers = set[org.springframework.boot.test.context.filter.ExcludeFilterContextCustomizer@48fa0f47, org.springframework.boot.test.json.DuplicateJsonObjectContextCustomizerFactory$DuplicateJsonObjectContextCustomizer@6d2a209c, org.springframework.boot.test.mock.mockito.MockitoContextCustomizer@0, org.springframework.boot.test.web.client.TestRestTemplateContextCustomizer@4ddced80, org.springframework.boot.test.autoconfigure.properties.PropertyMappingContextCustomizer@0, org.springframework.boot.test.autoconfigure.web.servlet.WebDriverContextCustomizerFactory$Customizer@76908cc0], resourceBasePath = 'src/main/webapp', contextLoader = 'org.springframework.boot.test.context.SpringBootContextLoader', parent = [null]], attributes = map['org.springframework.test.context.web.ServletTestExecutionListener.activateListener' -> true]], class annotated with @DirtiesContext [false] with mode [null].
20:59:02.838 [main] DEBUG org.springframework.test.context.support.TestPropertySourceUtils - Adding inlined properties to environment: {spring.jmx.enabled=false, org.springframework.boot.test.context.SpringBootTestContextBootstrapper=true, server.port=-1}

  .   ____          _            __ _ _
 /\\ / ___'_ __ _ _(_)_ __  __ _ \ \ \ \
( ( )\___ | '_ | '_| | '_ \/ _` | \ \ \ \
 \\/  ___)| |_)| | | | | || (_| |  ) ) ) )
  '  |____| .__|_| |_|_| |_\__, | / / / /
 =========|_|==============|___/=/_/_/_/
 :: Spring Boot ::        (v2.2.6.RELEASE)

2020-04-28 20:59:03.266  INFO 65 --- [           main] c.e.b.DemoApplicationTests               : Starting DemoApplicationTests on cb-kubecd-bdd-spring-1588106440-wgw89-1-from-build-pack-cfgg9-p with PID 65 (started by root in /workspace/source)
2020-04-28 20:59:03.320  INFO 65 --- [           main] c.e.b.DemoApplicationTests               : No active profile set, falling back to default profiles: default
2020-04-28 20:59:07.836  INFO 65 --- [           main] o.s.s.concurrent.ThreadPoolTaskExecutor  : Initializing ExecutorService 'applicationTaskExecutor'
2020-04-28 20:59:08.966  INFO 65 --- [           main] o.s.b.a.e.web.EndpointLinksResolver      : Exposing 2 endpoint(s) beneath base path '/actuator'
2020-04-28 20:59:09.132  INFO 65 --- [           main] c.e.b.DemoApplicationTests               : Started DemoApplicationTests in 6.283 seconds (JVM running for 8.284)
[INFO] Tests run: 1, Failures: 0, Errors: 0, Skipped: 0, Time elapsed: 7.613 s - in com.example.bddspring1588106440.DemoApplicationTests
2020-04-28 20:59:09.834  INFO 65 --- [extShutdownHook] o.s.s.concurrent.ThreadPoolTaskExecutor  : Shutting down ExecutorService 'applicationTaskExecutor'
[INFO] 
[INFO] Results:
[INFO] 
[INFO] Tests run: 1, Failures: 0, Errors: 0, Skipped: 0
[INFO] 
[INFO] 
[INFO] --- maven-jar-plugin:3.1.2:jar (default-jar) @ bdd-spring-1588106440 ---
[INFO] Building jar: /workspace/source/target/bdd-spring-1588106440-0.0.0-SNAPSHOT-PR-1-1.jar
[INFO] 
[INFO] --- spring-boot-maven-plugin:2.2.6.RELEASE:repackage (repackage) @ bdd-spring-1588106440 ---
[INFO] Replacing main artifact with repackaged archive
[INFO] 
[INFO] --- maven-install-plugin:2.5.2:install (default-install) @ bdd-spring-1588106440 ---
[INFO] Installing /workspace/source/target/bdd-spring-1588106440-0.0.0-SNAPSHOT-PR-1-1.jar to /home/jenkins/.mvnrepository/com/example/bdd-spring-1588106440/0.0.0-SNAPSHOT-PR-1-1/bdd-spring-1588106440-0.0.0-SNAPSHOT-PR-1-1.jar
[INFO] Installing /workspace/source/pom.xml to /home/jenkins/.mvnrepository/com/example/bdd-spring-1588106440/0.0.0-SNAPSHOT-PR-1-1/bdd-spring-1588106440-0.0.0-SNAPSHOT-PR-1-1.pom
[INFO] ------------------------------------------------------------------------
[INFO] BUILD SUCCESS
[INFO] ------------------------------------------------------------------------
[INFO] Total time:  24.224 s
[INFO] Finished at: 2020-04-28T20:59:14Z
[INFO] ------------------------------------------------------------------------

Showing logs for build [32mcb-kubecd-bdd-spring-1588106440-wgw89-1[0m stage [32mfrom-build-pack[0m and container [32mstep-build-skaffold-version[0m
v1.0.1

Showing logs for build [32mcb-kubecd-bdd-spring-1588106440-wgw89-1[0m stage [32mfrom-build-pack[0m and container [32mstep-build-container-build[0m
[36mINFO[0m[0000] Resolved base name openjdk:8-jdk-slim to openjdk:8-jdk-slim 
[36mINFO[0m[0000] Using dockerignore file: /workspace/source/.dockerignore 
[36mINFO[0m[0000] Resolved base name openjdk:8-jdk-slim to openjdk:8-jdk-slim 
[36mINFO[0m[0000] Retrieving image manifest openjdk:8-jdk-slim 
[36mINFO[0m[0000] Retrieving image manifest openjdk:8-jdk-slim 
[36mINFO[0m[0000] Built cross stage deps: map[]                
[36mINFO[0m[0000] Retrieving image manifest openjdk:8-jdk-slim 
[36mINFO[0m[0000] Retrieving image manifest openjdk:8-jdk-slim 
[36mINFO[0m[0000] cmd: EXPOSE                                  
[36mINFO[0m[0000] Adding exposed port: 8080/tcp                
[36mINFO[0m[0000] Resolving srcs [pom.xml target/lib*]...      
end of resolve sources
[36mINFO[0m[0000] Checking for cached layer 296178596335.dkr.ecr.us-east-1.amazonaws.com/todo/cache:9d51edeb691e57e2101b09b89ed0ccd3b2d8dfa47148ad472f04b0c0f2770005... 
[36mINFO[0m[0001] No cached layer found for cmd COPY pom.xml target/lib* /opt/lib/ 
[36mINFO[0m[0001] Resolving srcs [target/*.jar]...             
end of resolve sources
[36mINFO[0m[0001] Unpacking rootfs as cmd COPY pom.xml target/lib* /opt/lib/ requires it. 
[36mINFO[0m[0005] Taking snapshot of full filesystem...        
[36mINFO[0m[0007] Resolving paths                              
[36mINFO[0m[0007] ENV PORT 8080                                
[36mINFO[0m[0007] No files changed in this command, skipping snapshotting. 
[36mINFO[0m[0007] ENV CLASSPATH /opt/lib                       
[36mINFO[0m[0007] No files changed in this command, skipping snapshotting. 
[36mINFO[0m[0007] EXPOSE 8080                                  
[36mINFO[0m[0007] cmd: EXPOSE                                  
[36mINFO[0m[0007] Adding exposed port: 8080/tcp                
[36mINFO[0m[0007] No files changed in this command, skipping snapshotting. 
[36mINFO[0m[0007] Resolving srcs [pom.xml target/lib*]...      
end of resolve sources
[36mINFO[0m[0007] COPY pom.xml target/lib* /opt/lib/           
[36mINFO[0m[0007] Resolving srcs [pom.xml target/lib*]...      
end of resolve sources
[36mINFO[0m[0007] Resolving paths                              
[36mINFO[0m[0007] Taking snapshot of files...                  
[36mINFO[0m[0007] Resolving srcs [target/*.jar]...             
[36mINFO[0m[0007] Pushing layer 296178596335.dkr.ecr.us-east-1.amazonaws.com/todo/cache:9d51edeb691e57e2101b09b89ed0ccd3b2d8dfa47148ad472f04b0c0f2770005 to cache now 
end of resolve sources
[36mINFO[0m[0007] COPY target/*.jar /opt/app.jar               
[36mINFO[0m[0007] Resolving srcs [target/*.jar]...             
end of resolve sources
[36mINFO[0m[0007] Resolving paths                              
[36mINFO[0m[0007] Taking snapshot of files...                  
[36mINFO[0m[0008] Pushing layer 296178596335.dkr.ecr.us-east-1.amazonaws.com/todo/cache:25e3ad7aad5ddea973c1cb7edfc3f93dab0a5b895af180e88cd85cba1e323920 to cache now 
[36mINFO[0m[0008] WORKDIR /opt                                 
[36mINFO[0m[0008] cmd: workdir                                 
[36mINFO[0m[0008] Changed working directory to /opt            
[36mINFO[0m[0008] No files changed in this command, skipping snapshotting. 
[36mINFO[0m[0008] CMD ["java", "-XX:+UnlockExperimentalVMOptions", "-XX:+UseCGroupMemoryLimitForHeap", "-jar", "app.jar"] 
[36mINFO[0m[0008] No files changed in this command, skipping snapshotting. 
[33mWARN[0m[0008] error uploading layer to cache: failed to push to destination 296178596335.dkr.ecr.us-east-1.amazonaws.com/todo/cache:9d51edeb691e57e2101b09b89ed0ccd3b2d8dfa47148ad472f04b0c0f2770005: NAME_UNKNOWN: The repository with name 'todo/cache' does not exist in the registry with id '296178596335' 

Showing logs for build [32mcb-kubecd-bdd-spring-1588106440-wgw89-1[0m stage [32mfrom-build-pack[0m and container [32mstep-postbuild-post-build[0m
no CVE provider running in the current ** namespace so skip adding image to be analysed

Showing logs for build [32mcb-kubecd-bdd-spring-1588106440-wgw89-1[0m stage [32mfrom-build-pack[0m and container [32mstep-promote-make-preview[0m
sed -i -e "s/version:.*/version: 0.0.0-SNAPSHOT-PR-1-1/" Chart.yaml
sed -i -e "s/version:.*/version: 0.0.0-SNAPSHOT-PR-1-1/" ../*/Chart.yaml
sed -i -e "s|repository:.*|repository: 296178596335.dkr.ecr.us-east-1.amazonaws.com\/cb-kubecd\/bdd-spring-1588106440|" values.yaml
sed -i -e "s/tag:.*/tag: 0.0.0-SNAPSHOT-PR-1-1/" values.yaml
echo "  version: 0.0.0-SNAPSHOT-PR-1-1" >> requirements.yaml
** step helm build
WARNING: No $CHART_REPOSITORY defined so using the default value of: http://jenkins-x-chartmuseum:8080
Adding missing Helm repo: storage.googleapis.com https://storage.googleapis.com/chartmuseum.jenkins-x.io
WARNING: No secrets found on "helm/repos" due: reading the secret "helm/repos" from vault: no secret "helm/repos" not found in vault
Read credentials for https://storage.googleapis.com/chartmuseum.jenkins-x.io from vault helm/repos
Successfully added Helm repository storage.googleapis.com.
Adding missing Helm repo: jenkins-x-chartmuseum http://jenkins-x-chartmuseum:8080
WARNING: No secrets found on "helm/repos" due: reading the secret "helm/repos" from vault: no secret "helm/repos" not found in vault
Read credentials for http://jenkins-x-chartmuseum:8080 from vault helm/repos
Successfully added Helm repository jenkins-x-chartmuseum.
WARNING: No $CHART_REPOSITORY defined so using the default value of: http://jenkins-x-chartmuseum:8080
Adding missing Helm repo: chartmuseum.jenkins-x.io http://chartmuseum.jenkins-x.io
WARNING: No secrets found on "helm/repos" due: reading the secret "helm/repos" from vault: no secret "helm/repos" not found in vault
Read credentials for http://chartmuseum.jenkins-x.io from vault helm/repos
Successfully added Helm repository chartmuseum.jenkins-x.io.

Showing logs for build [32mcb-kubecd-bdd-spring-1588106440-wgw89-1[0m stage [32mfrom-build-pack[0m and container [32mstep-promote-jx-preview[0m
Creating a preview
Created environment cb-kubecd-bdd-spring-1588106440-pr-1
Namespace **-cb-kubecd-bdd-spring-1588106440-pr-1 created 
expose:
  Annotations:
    helm.sh/hook: post-install,post-upgrade
    helm.sh/hook-delete-policy: hook-succeeded
  config:
    domain: 34.199.65.19.nip.io
    exposer: Ingress
    http: "true"
preview:
  image:
    repository: 296178596335.dkr.ecr.us-east-1.amazonaws.com/cb-kubecd/bdd-spring-1588106440
    tag: 0.0.0-SNAPSHOT-PR-1-1

Updating PipelineActivities cb-kubecd-bdd-spring-1588106440-pr-1-1 which has status Running
WARNING: preview application http://bdd-spring-1588106440.**-cb-kubecd-bdd-spring-1588106440-pr-1.34.199.65.19.nip.io not available, error was 503 503 Service Temporarily Unavailable, delaying for: 781.330294ms
WARNING: preview application http://bdd-spring-1588106440.**-cb-kubecd-bdd-spring-1588106440-pr-1.34.199.65.19.nip.io not available, error was 503 503 Service Temporarily Unavailable, delaying for: 1.687642543s
WARNING: preview application http://bdd-spring-1588106440.**-cb-kubecd-bdd-spring-1588106440-pr-1.34.199.65.19.nip.io not available, error was 503 503 Service Temporarily Unavailable, delaying for: 2.765656635s
WARNING: preview application http://bdd-spring-1588106440.**-cb-kubecd-bdd-spring-1588106440-pr-1.34.199.65.19.nip.io not available, error was 503 503 Service Temporarily Unavailable, delaying for: 4.17173153s
WARNING: preview application http://bdd-spring-1588106440.**-cb-kubecd-bdd-spring-1588106440-pr-1.34.199.65.19.nip.io not available, error was 503 503 Service Temporarily Unavailable, delaying for: 5.588889143s
WARNING: preview application http://bdd-spring-1588106440.**-cb-kubecd-bdd-spring-1588106440-pr-1.34.199.65.19.nip.io not available, error was 503 503 Service Temporarily Unavailable, delaying for: 3.811332698s
WARNING: preview application http://bdd-spring-1588106440.**-cb-kubecd-bdd-spring-1588106440-pr-1.34.199.65.19.nip.io not available, error was 503 503 Service Temporarily Unavailable, delaying for: 12.413892514s
Preview application is now available at: http://bdd-spring-1588106440.**-cb-kubecd-bdd-spring-1588106440-pr-1.34.199.65.19.nip.io
